<?xml version="1.0" encoding="UTF-8"?>
<!-- Generated by org.testng.reporters.JUnitReportReporter -->
<testsuite name="com.tests.HomePage" tests="1" time="15.401" ignored="0" failures="0" timestamp="30 Oct 2019 06:34:41 GMT" skipped="0" hostname="DESKTOP-QOTAEMV" errors="0">
  <testcase name="tc" time="15.401" classname="com.tests.HomePage"/>
</testsuite> <!-- com.tests.HomePage -->
