<?xml version="1.0" encoding="UTF-8"?>
<!-- Generated by org.testng.reporters.JUnitReportReporter -->
<testsuite name="AppiumTests.AppiumTests.CalculatorTest" tests="1" time="15.513" ignored="0" failures="0" timestamp="27 Sep 2019 07:28:42 GMT" skipped="0" hostname="DESKTOP-QOTAEMV" errors="0">
  <testcase name="tc" time="15.513" classname="AppiumTests.AppiumTests.CalculatorTest"/>
</testsuite> <!-- AppiumTests.AppiumTests.CalculatorTest -->
